<?xml version="1.0" encoding="UTF-8"?>
<coverage generated="1598639835458" clover="3.2.0">
  <project timestamp="1598639835458" name="All files">
    <metrics statements="28" coveredstatements="25" conditionals="23" coveredconditionals="18" methods="6" coveredmethods="5" elements="57" coveredelements="48" complexity="0" loc="28" ncloc="28" packages="1" files="1" classes="1"/>
    <file name="FormulateInput.vue" path="C:\Users\desse\Documents\github\projects\vue-formulate-extended\src\components\FormulateInput.vue">
      <metrics statements="28" coveredstatements="25" conditionals="23" coveredconditionals="18" methods="6" coveredmethods="5"/>
      <line num="88" count="9" type="stmt"/>
      <line num="89" count="9" type="stmt"/>
      <line num="90" count="9" type="stmt"/>
      <line num="108" count="25" type="stmt"/>
      <line num="113" count="26" type="stmt"/>
      <line num="114" count="26" type="cond" truecount="5" falsecount="0"/>
      <line num="119" count="13" type="stmt"/>
      <line num="121" count="26" type="stmt"/>
      <line num="122" count="26" type="cond" truecount="4" falsecount="0"/>
      <line num="123" count="14" type="stmt"/>
      <line num="129" count="26" type="stmt"/>
      <line num="130" count="26" type="stmt"/>
      <line num="135" count="45" type="stmt"/>
      <line num="136" count="45" type="stmt"/>
      <line num="151" count="30" type="stmt"/>
      <line num="152" count="30" type="cond" truecount="1" falsecount="1"/>
      <line num="153" count="0" type="stmt"/>
      <line num="154" count="30" type="cond" truecount="1" falsecount="1"/>
      <line num="155" count="0" type="stmt"/>
      <line num="157" count="30" type="stmt"/>
      <line num="160" count="30" type="cond" truecount="2" falsecount="0"/>
      <line num="164" count="46" type="stmt"/>
      <line num="166" count="30" type="stmt"/>
      <line num="168" count="30" type="cond" truecount="2" falsecount="0"/>
      <line num="169" count="1" type="cond" truecount="2" falsecount="2"/>
      <line num="170" count="0" type="stmt"/>
      <line num="174" count="30" type="cond" truecount="1" falsecount="1"/>
      <line num="175" count="30" type="stmt"/>
    </file>
  </project>
</coverage>
