{"C:\\Users\\desse\\Documents\\github\\projects\\vue-formulate-extended\\src\\index.js": {"path":"C:\\Users\\desse\\Documents\\github\\projects\\vue-formulate-extended\\src\\index.js","statementMap":{"0":{"start":{"line":11,"column":26},"end":{"line":11,"column":76}},"1":{"start":{"line":12,"column":24},"end":{"line":12,"column":53}},"2":{"start":{"line":15,"column":17},"end":{"line":31,"column":3}},"3":{"start":{"line":33,"column":2},"end":{"line":60,"column":3}},"4":{"start":{"line":34,"column":4},"end":{"line":36,"column":5}},"5":{"start":{"line":35,"column":6},"end":{"line":35,"column":56}},"6":{"start":{"line":38,"column":4},"end":{"line":40,"column":5}},"7":{"start":{"line":39,"column":6},"end":{"line":39,"column":57}},"8":{"start":{"line":42,"column":4},"end":{"line":44,"column":5}},"9":{"start":{"line":43,"column":6},"end":{"line":43,"column":58}},"10":{"start":{"line":46,"column":4},"end":{"line":48,"column":5}},"11":{"start":{"line":47,"column":6},"end":{"line":47,"column":33}},"12":{"start":{"line":50,"column":4},"end":{"line":55,"column":5}},"13":{"start":{"line":52,"column":6},"end":{"line":54,"column":8}},"14":{"start":{"line":53,"column":8},"end":{"line":53,"column":41}},"15":{"start":{"line":57,"column":4},"end":{"line":59,"column":5}},"16":{"start":{"line":58,"column":6},"end":{"line":58,"column":36}}},"fnMap":{"0":{"name":"(anonymous_0)","decl":{"start":{"line":14,"column":15},"end":{"line":14,"column":16}},"loc":{"start":{"line":14,"column":38},"end":{"line":61,"column":1}},"line":14},"1":{"name":"plugin","decl":{"start":{"line":33,"column":18},"end":{"line":33,"column":24}},"loc":{"start":{"line":33,"column":35},"end":{"line":60,"column":3}},"line":33},"2":{"name":"(anonymous_2)","decl":{"start":{"line":52,"column":42},"end":{"line":52,"column":43}},"loc":{"start":{"line":52,"column":56},"end":{"line":54,"column":7}},"line":52}},"branchMap":{"0":{"loc":{"start":{"line":14,"column":24},"end":{"line":14,"column":36}},"type":"default-arg","locations":[{"start":{"line":14,"column":34},"end":{"line":14,"column":36}}],"line":14},"1":{"loc":{"start":{"line":34,"column":4},"end":{"line":36,"column":5}},"type":"if","locations":[{"start":{"line":34,"column":4},"end":{"line":36,"column":5}},{"start":{"line":34,"column":4},"end":{"line":36,"column":5}}],"line":34},"2":{"loc":{"start":{"line":38,"column":4},"end":{"line":40,"column":5}},"type":"if","locations":[{"start":{"line":38,"column":4},"end":{"line":40,"column":5}},{"start":{"line":38,"column":4},"end":{"line":40,"column":5}}],"line":38},"3":{"loc":{"start":{"line":42,"column":4},"end":{"line":44,"column":5}},"type":"if","locations":[{"start":{"line":42,"column":4},"end":{"line":44,"column":5}},{"start":{"line":42,"column":4},"end":{"line":44,"column":5}}],"line":42},"4":{"loc":{"start":{"line":46,"column":4},"end":{"line":48,"column":5}},"type":"if","locations":[{"start":{"line":46,"column":4},"end":{"line":48,"column":5}},{"start":{"line":46,"column":4},"end":{"line":48,"column":5}}],"line":46},"5":{"loc":{"start":{"line":50,"column":4},"end":{"line":55,"column":5}},"type":"if","locations":[{"start":{"line":50,"column":4},"end":{"line":55,"column":5}},{"start":{"line":50,"column":4},"end":{"line":55,"column":5}}],"line":50},"6":{"loc":{"start":{"line":57,"column":4},"end":{"line":59,"column":5}},"type":"if","locations":[{"start":{"line":57,"column":4},"end":{"line":59,"column":5}},{"start":{"line":57,"column":4},"end":{"line":59,"column":5}}],"line":57}},"s":{"0":9,"1":9,"2":9,"3":9,"4":9,"5":9,"6":9,"7":9,"8":9,"9":9,"10":9,"11":1,"12":9,"13":2,"14":2,"15":9,"16":1},"f":{"0":9,"1":9,"2":2},"b":{"0":[0],"1":[9,0],"2":[9,0],"3":[9,0],"4":[1,8],"5":[2,7],"6":[1,8]},"_coverageSchema":"43e27e138ebf9cfc5966b082cf9a028302ed4184","hash":"58018d994cadf5296d252fc20a273ac7c28e65b7"}
,"C:\\Users\\desse\\Documents\\github\\projects\\vue-formulate-extended\\src\\features\\form-events.js": {"path":"C:\\Users\\desse\\Documents\\github\\projects\\vue-formulate-extended\\src\\features\\form-events.js","statementMap":{"0":{"start":{"line":8,"column":10},"end":{"line":8,"column":45}},"1":{"start":{"line":9,"column":10},"end":{"line":9,"column":49}},"2":{"start":{"line":10,"column":10},"end":{"line":10,"column":83}},"3":{"start":{"line":10,"column":59},"end":{"line":10,"column":82}},"4":{"start":{"line":11,"column":10},"end":{"line":11,"column":24}},"5":{"start":{"line":18,"column":53},"end":{"line":18,"column":74}},"6":{"start":{"line":19,"column":10},"end":{"line":19,"column":39}},"7":{"start":{"line":20,"column":10},"end":{"line":29,"column":11}},"8":{"start":{"line":23,"column":14},"end":{"line":26,"column":15}},"9":{"start":{"line":24,"column":16},"end":{"line":24,"column":57}},"10":{"start":{"line":24,"column":35},"end":{"line":24,"column":57}},"11":{"start":{"line":25,"column":16},"end":{"line":25,"column":118}},"12":{"start":{"line":27,"column":14},"end":{"line":27,"column":29}},"13":{"start":{"line":31,"column":10},"end":{"line":31,"column":21}}},"fnMap":{"0":{"name":"(anonymous_0)","decl":{"start":{"line":7,"column":8},"end":{"line":7,"column":9}},"loc":{"start":{"line":7,"column":40},"end":{"line":12,"column":9}},"line":7},"1":{"name":"(anonymous_1)","decl":{"start":{"line":10,"column":46},"end":{"line":10,"column":47}},"loc":{"start":{"line":10,"column":59},"end":{"line":10,"column":82}},"line":10},"2":{"name":"(anonymous_2)","decl":{"start":{"line":17,"column":8},"end":{"line":17,"column":9}},"loc":{"start":{"line":17,"column":38},"end":{"line":32,"column":9}},"line":17},"3":{"name":"(anonymous_3)","decl":{"start":{"line":22,"column":29},"end":{"line":22,"column":30}},"loc":{"start":{"line":22,"column":54},"end":{"line":28,"column":13}},"line":22},"4":{"name":"(anonymous_4)","decl":{"start":{"line":23,"column":36},"end":{"line":23,"column":37}},"loc":{"start":{"line":23,"column":54},"end":{"line":26,"column":15}},"line":23}},"branchMap":{"0":{"loc":{"start":{"line":7,"column":25},"end":{"line":7,"column":38}},"type":"default-arg","locations":[{"start":{"line":7,"column":36},"end":{"line":7,"column":38}}],"line":7},"1":{"loc":{"start":{"line":8,"column":26},"end":{"line":8,"column":45}},"type":"binary-expr","locations":[{"start":{"line":8,"column":26},"end":{"line":8,"column":39}},{"start":{"line":8,"column":43},"end":{"line":8,"column":45}}],"line":8},"2":{"loc":{"start":{"line":17,"column":22},"end":{"line":17,"column":36}},"type":"default-arg","locations":[{"start":{"line":17,"column":34},"end":{"line":17,"column":36}}],"line":17},"3":{"loc":{"start":{"line":18,"column":18},"end":{"line":18,"column":29}},"type":"default-arg","locations":[{"start":{"line":18,"column":27},"end":{"line":18,"column":29}}],"line":18},"4":{"loc":{"start":{"line":18,"column":31},"end":{"line":18,"column":38}},"type":"default-arg","locations":[{"start":{"line":18,"column":36},"end":{"line":18,"column":38}}],"line":18},"5":{"loc":{"start":{"line":24,"column":16},"end":{"line":24,"column":57}},"type":"if","locations":[{"start":{"line":24,"column":16},"end":{"line":24,"column":57}},{"start":{"line":24,"column":16},"end":{"line":24,"column":57}}],"line":24}},"s":{"0":2,"1":2,"2":2,"3":2,"4":2,"5":2,"6":2,"7":2,"8":2,"9":2,"10":0,"11":2,"12":2,"13":2},"f":{"0":2,"1":2,"2":2,"3":2,"4":2},"b":{"0":[0],"1":[2,0],"2":[0],"3":[1],"4":[1],"5":[0,2]},"_coverageSchema":"43e27e138ebf9cfc5966b082cf9a028302ed4184","hash":"3bed022c9c415d327a881a294c73f0900a6acf49"}
}
