{"C:\\Users\\desse\\Documents\\github\\projects\\vue-formulate-extended\\src\\components\\FormulateInput.vue": {"path":"C:\\Users\\desse\\Documents\\github\\projects\\vue-formulate-extended\\src\\components\\FormulateInput.vue","statementMap":{"0":{"start":{"line":88,"column":0},"end":{"line":88,"column":null}},"1":{"start":{"line":89,"column":0},"end":{"line":89,"column":null}},"2":{"start":{"line":90,"column":0},"end":{"line":90,"column":null}},"3":{"start":{"line":108,"column":0},"end":{"line":108,"column":null}},"4":{"start":{"line":113,"column":0},"end":{"line":113,"column":null}},"5":{"start":{"line":114,"column":0},"end":{"line":120,"column":null}},"6":{"start":{"line":119,"column":0},"end":{"line":119,"column":null}},"7":{"start":{"line":121,"column":0},"end":{"line":121,"column":null}},"8":{"start":{"line":122,"column":0},"end":{"line":128,"column":null}},"9":{"start":{"line":123,"column":0},"end":{"line":123,"column":null}},"10":{"start":{"line":129,"column":0},"end":{"line":129,"column":null}},"11":{"start":{"line":130,"column":0},"end":{"line":130,"column":null}},"12":{"start":{"line":135,"column":0},"end":{"line":135,"column":null}},"13":{"start":{"line":136,"column":0},"end":{"line":136,"column":null}},"14":{"start":{"line":151,"column":0},"end":{"line":151,"column":null}},"15":{"start":{"line":152,"column":0},"end":{"line":158,"column":null}},"16":{"start":{"line":153,"column":0},"end":{"line":153,"column":null}},"17":{"start":{"line":154,"column":0},"end":{"line":158,"column":null}},"18":{"start":{"line":155,"column":0},"end":{"line":155,"column":null}},"19":{"start":{"line":157,"column":0},"end":{"line":157,"column":null}},"20":{"start":{"line":160,"column":0},"end":{"line":160,"column":null}},"21":{"start":{"line":164,"column":0},"end":{"line":164,"column":null}},"22":{"start":{"line":166,"column":0},"end":{"line":166,"column":null}},"23":{"start":{"line":168,"column":0},"end":{"line":172,"column":null}},"24":{"start":{"line":169,"column":0},"end":{"line":171,"column":null}},"25":{"start":{"line":170,"column":0},"end":{"line":170,"column":null}},"26":{"start":{"line":174,"column":0},"end":{"line":179,"column":null}},"27":{"start":{"line":175,"column":0},"end":{"line":175,"column":null}}},"fnMap":{"0":{"name":"(anonymous_1)","decl":{"start":{"line":108,"column":0},"end":{"line":108,"column":null}},"loc":{"start":{"line":108,"column":0},"end":{"line":108,"column":null}}},"1":{"name":"(anonymous_2)","decl":{"start":{"line":112,"column":0},"end":{"line":112,"column":null}},"loc":{"start":{"line":112,"column":0},"end":{"line":131,"column":null}}},"2":{"name":"(anonymous_3)","decl":{"start":{"line":134,"column":0},"end":{"line":134,"column":null}},"loc":{"start":{"line":134,"column":0},"end":{"line":145,"column":null}}},"3":{"name":"(anonymous_4)","decl":{"start":{"line":150,"column":0},"end":{"line":150,"column":null}},"loc":{"start":{"line":150,"column":0},"end":{"line":180,"column":null}}},"4":{"name":"(anonymous_5)","decl":{"start":{"line":153,"column":0},"end":{"line":153,"column":null}},"loc":{"start":{"line":153,"column":0},"end":{"line":153,"column":null}}},"5":{"name":"(anonymous_6)","decl":{"start":{"line":164,"column":0},"end":{"line":164,"column":null}},"loc":{"start":{"line":164,"column":0},"end":{"line":164,"column":null}}}},"branchMap":{"0":{"loc":{"start":{"line":114,"column":0},"end":{"line":120,"column":null}},"type":"if","locations":[{"start":{"line":114,"column":0},"end":{"line":120,"column":null}},{"start":{"line":114,"column":0},"end":{"line":120,"column":null}}]},"1":{"loc":{"start":{"line":114,"column":0},"end":{"line":114,"column":null}},"type":"binary-expr","locations":[{"start":{"line":114,"column":0},"end":{"line":114,"column":null}},{"start":{"line":114,"column":0},"end":{"line":114,"column":null}},{"start":{"line":114,"column":0},"end":{"line":114,"column":null}}]},"2":{"loc":{"start":{"line":122,"column":0},"end":{"line":128,"column":null}},"type":"if","locations":[{"start":{"line":122,"column":0},"end":{"line":128,"column":null}},{"start":{"line":122,"column":0},"end":{"line":128,"column":null}}]},"3":{"loc":{"start":{"line":122,"column":0},"end":{"line":122,"column":null}},"type":"binary-expr","locations":[{"start":{"line":122,"column":0},"end":{"line":122,"column":null}},{"start":{"line":122,"column":0},"end":{"line":122,"column":null}}]},"4":{"loc":{"start":{"line":152,"column":0},"end":{"line":158,"column":null}},"type":"if","locations":[{"start":{"line":152,"column":0},"end":{"line":158,"column":null}},{"start":{"line":152,"column":0},"end":{"line":158,"column":null}}]},"5":{"loc":{"start":{"line":154,"column":0},"end":{"line":158,"column":null}},"type":"if","locations":[{"start":{"line":154,"column":0},"end":{"line":158,"column":null}},{"start":{"line":154,"column":0},"end":{"line":158,"column":null}}]},"6":{"loc":{"start":{"line":160,"column":0},"end":{"line":160,"column":null}},"type":"cond-expr","locations":[{"start":{"line":160,"column":0},"end":{"line":160,"column":null}},{"start":{"line":160,"column":0},"end":{"line":160,"column":null}}]},"7":{"loc":{"start":{"line":168,"column":0},"end":{"line":172,"column":null}},"type":"if","locations":[{"start":{"line":168,"column":0},"end":{"line":172,"column":null}},{"start":{"line":168,"column":0},"end":{"line":172,"column":null}}]},"8":{"loc":{"start":{"line":169,"column":0},"end":{"line":171,"column":null}},"type":"if","locations":[{"start":{"line":169,"column":0},"end":{"line":171,"column":null}},{"start":{"line":169,"column":0},"end":{"line":171,"column":null}}]},"9":{"loc":{"start":{"line":169,"column":0},"end":{"line":169,"column":null}},"type":"binary-expr","locations":[{"start":{"line":169,"column":0},"end":{"line":169,"column":null}},{"start":{"line":169,"column":0},"end":{"line":169,"column":null}}]},"10":{"loc":{"start":{"line":174,"column":0},"end":{"line":179,"column":null}},"type":"if","locations":[{"start":{"line":174,"column":0},"end":{"line":179,"column":null}},{"start":{"line":174,"column":0},"end":{"line":179,"column":null}}]}},"s":{"0":9,"1":9,"2":9,"3":25,"4":26,"5":26,"6":13,"7":26,"8":26,"9":14,"10":26,"11":26,"12":45,"13":45,"14":30,"15":30,"16":0,"17":30,"18":0,"19":30,"20":30,"21":46,"22":30,"23":30,"24":1,"25":0,"26":30,"27":30},"f":{"0":25,"1":26,"2":45,"3":30,"4":0,"5":16},"b":{"0":[13,13],"1":[26,25,13],"2":[14,12],"3":[26,26],"4":[0,30],"5":[0,30],"6":[46,32],"7":[1,29],"8":[0,1],"9":[1,0],"10":[30,0]}}
}
