TN:
SF:C:\Users\desse\Documents\github\projects\vue-formulate-extended\src\components\FormulateInput.vue
FN:108,(anonymous_1)
FN:112,(anonymous_2)
FN:134,(anonymous_3)
FN:150,(anonymous_4)
FN:153,(anonymous_5)
FN:164,(anonymous_6)
FNF:6
FNH:5
FNDA:25,(anonymous_1)
FNDA:26,(anonymous_2)
FNDA:45,(anonymous_3)
FNDA:30,(anonymous_4)
FNDA:0,(anonymous_5)
FNDA:16,(anonymous_6)
DA:88,9
DA:89,9
DA:90,9
DA:108,25
DA:113,26
DA:114,26
DA:119,13
DA:121,26
DA:122,26
DA:123,14
DA:129,26
DA:130,26
DA:135,45
DA:136,45
DA:151,30
DA:152,30
DA:153,0
DA:154,30
DA:155,0
DA:157,30
DA:160,30
DA:164,46
DA:166,30
DA:168,30
DA:169,1
DA:170,0
DA:174,30
DA:175,30
LF:28
LH:25
BRDA:114,0,0,13
BRDA:114,0,1,13
BRDA:114,1,0,26
BRDA:114,1,1,25
BRDA:114,1,2,13
BRDA:122,2,0,14
BRDA:122,2,1,12
BRDA:122,3,0,26
BRDA:122,3,1,26
BRDA:152,4,0,0
BRDA:152,4,1,30
BRDA:154,5,0,0
BRDA:154,5,1,30
BRDA:160,6,0,46
BRDA:160,6,1,32
BRDA:168,7,0,1
BRDA:168,7,1,29
BRDA:169,8,0,0
BRDA:169,8,1,1
BRDA:169,9,0,1
BRDA:169,9,1,0
BRDA:174,10,0,30
BRDA:174,10,1,0
BRF:23
BRH:18
end_of_record
