TN:
SF:C:\Users\desse\Documents\github\projects\vue-formulate-extended\src\index.js
FN:14,(anonymous_0)
FN:33,plugin
FNF:2
FNH:2
FNDA:9,(anonymous_0)
FNDA:9,plugin
DA:11,9
DA:12,9
DA:15,9
DA:33,9
DA:34,9
DA:35,9
DA:38,9
DA:39,9
DA:42,9
DA:43,9
DA:46,9
DA:47,1
DA:50,9
DA:51,2
DA:54,9
DA:55,1
LF:16
LH:16
BRDA:14,0,0,0
BRDA:34,1,0,9
BRDA:34,1,1,0
BRDA:38,2,0,9
BRDA:38,2,1,0
BRDA:42,3,0,9
BRDA:42,3,1,0
BRDA:46,4,0,1
BRDA:46,4,1,8
BRDA:50,5,0,2
BRDA:50,5,1,7
BRDA:54,6,0,1
BRDA:54,6,1,8
BRF:13
BRH:9
end_of_record
TN:
SF:C:\Users\desse\Documents\github\projects\vue-formulate-extended\src\components\FormulateForm.vue
FN:31,(anonymous_1)
FN:34,(anonymous_2)
FN:43,(anonymous_3)
FN:51,(anonymous_4)
FNF:4
FNH:4
FNDA:12,(anonymous_1)
FNDA:60,(anonymous_2)
FNDA:44,(anonymous_3)
FNDA:44,(anonymous_4)
DA:15,9
DA:16,9
DA:18,9
DA:19,9
DA:20,9
DA:32,12
DA:34,12
DA:35,60
DA:38,12
DA:47,44
DA:48,44
DA:51,44
DA:52,44
DA:53,0
DA:54,0
DA:61,0
LF:16
LH:13
BRDA:38,0,0,12
BRDA:38,0,1,6
BRDA:47,1,0,44
BRDA:47,1,1,0
BRDA:47,2,0,44
BRDA:47,2,1,44
BRDA:47,2,2,44
BRDA:52,3,0,0
BRDA:52,3,1,44
BRDA:54,4,0,0
BRDA:54,4,1,0
BRDA:54,5,0,0
BRDA:54,5,1,0
BRF:13
BRH:7
end_of_record
TN:
SF:C:\Users\desse\Documents\github\projects\vue-formulate-extended\src\components\FormulateInput.vue
FN:15,(anonymous_1)
FN:18,(anonymous_2)
FN:29,(anonymous_3)
FNF:3
FNH:2
FNDA:29,(anonymous_1)
FNDA:0,(anonymous_2)
FNDA:16,(anonymous_3)
DA:3,9
DA:4,9
DA:16,29
DA:17,29
DA:18,0
DA:19,29
DA:20,0
DA:22,29
DA:25,29
DA:29,45
DA:31,29
DA:32,29
LF:12
LH:10
BRDA:17,0,0,0
BRDA:17,0,1,29
BRDA:19,1,0,0
BRDA:19,1,1,29
BRDA:25,2,0,45
BRDA:25,2,1,31
BRDA:31,3,0,29
BRDA:31,3,1,0
BRF:8
BRH:5
end_of_record
TN:
SF:C:\Users\desse\Documents\github\projects\vue-formulate-extended\src\components\FormulateSchema.js
FN:7,leaf
FN:13,(anonymous_1)
FN:23,(anonymous_2)
FN:29,tree
FN:31,(anonymous_4)
FN:35,(anonymous_5)
FN:49,(anonymous_6)
FN:54,(anonymous_7)
FN:58,(anonymous_8)
FN:60,(anonymous_9)
FN:62,(anonymous_10)
FNF:11
FNH:10
FNDA:12,leaf
FNDA:0,(anonymous_1)
FNDA:10,(anonymous_2)
FNDA:24,tree
FNDA:12,(anonymous_4)
FNDA:12,(anonymous_5)
FNDA:12,(anonymous_6)
FNDA:2,(anonymous_7)
FNDA:12,(anonymous_8)
FNDA:10,(anonymous_9)
FNDA:12,(anonymous_10)
DA:8,12
DA:9,12
DA:10,12
DA:11,12
DA:12,12
DA:13,12
DA:14,12
DA:19,12
DA:21,12
DA:23,10
DA:26,0
DA:30,24
DA:31,12
DA:32,12
DA:33,12
DA:35,12
DA:39,12
DA:49,12
DA:55,2
DA:59,12
DA:60,12
DA:63,12
LF:22
LH:21
BRDA:7,0,0,0
BRDA:8,1,0,12
BRDA:8,1,1,0
BRDA:8,2,0,12
BRDA:8,2,1,12
BRDA:8,2,2,12
BRDA:9,3,0,12
BRDA:9,4,0,12
BRDA:9,5,0,12
BRDA:10,6,0,12
BRDA:10,6,1,0
BRDA:10,7,0,12
BRDA:10,7,1,0
BRDA:11,8,0,12
BRDA:11,8,1,0
BRDA:11,8,2,0
BRDA:12,9,0,12
BRDA:12,9,1,12
BRDA:13,10,0,0
BRDA:13,10,1,12
BRDA:29,11,0,0
BRDA:30,12,0,12
BRDA:30,12,1,12
BRF:23
BRH:15
end_of_record
TN:
SF:C:\Users\desse\Documents\github\projects\vue-formulate-extended\src\composables\hooksProp.js
FN:3,(anonymous_0)
FNF:1
FNH:1
FNDA:24,(anonymous_0)
DA:3,24
LF:1
LH:1
BRF:0
BRH:0
end_of_record
TN:
SF:C:\Users\desse\Documents\github\projects\vue-formulate-extended\src\features\enforce-number.js
FN:5,(anonymous_0)
FNF:1
FNH:1
FNDA:12,(anonymous_0)
DA:6,12
DA:8,12
DA:9,4
DA:11,8
LF:4
LH:4
BRDA:6,0,0,12
BRDA:6,0,1,6
BRDA:6,1,0,2
BRDA:6,1,1,10
BRDA:6,2,0,2
BRDA:6,2,1,4
BRDA:8,3,0,4
BRDA:8,3,1,8
BRDA:8,4,0,12
BRDA:8,4,1,12
BRDA:8,4,2,4
BRF:11
BRH:11
end_of_record
TN:
SF:C:\Users\desse\Documents\github\projects\vue-formulate-extended\src\features\form-events.js
FN:7,(anonymous_0)
FN:10,(anonymous_1)
FN:17,(anonymous_2)
FN:22,(anonymous_3)
FN:23,(anonymous_4)
FNF:5
FNH:5
FNDA:2,(anonymous_0)
FNDA:2,(anonymous_1)
FNDA:2,(anonymous_2)
FNDA:2,(anonymous_3)
FNDA:2,(anonymous_4)
DA:8,2
DA:9,2
DA:10,2
DA:11,2
DA:18,2
DA:19,2
DA:20,2
DA:23,2
DA:24,2
DA:25,2
DA:27,2
DA:31,2
LF:12
LH:12
BRDA:7,0,0,0
BRDA:8,1,0,2
BRDA:8,1,1,0
BRDA:17,2,0,0
BRDA:18,3,0,1
BRDA:18,4,0,1
BRDA:24,5,0,0
BRDA:24,5,1,2
BRF:8
BRH:4
end_of_record
TN:
SF:C:\Users\desse\Documents\github\projects\vue-formulate-extended\src\features\text-mask.js
FN:7,(anonymous_0)
FNF:1
FNH:1
FNDA:12,(anonymous_0)
DA:8,12
DA:9,12
DA:10,12
DA:11,12
DA:12,12
DA:13,12
DA:14,12
DA:16,0
LF:8
LH:7
BRDA:8,0,0,12
BRDA:8,0,1,6
BRDA:9,1,0,12
BRDA:9,1,1,0
BRDA:9,2,0,12
BRDA:9,2,1,12
BRDA:10,3,0,12
BRDA:10,3,1,6
BRDA:11,4,0,0
BRDA:11,4,1,12
BRDA:11,5,0,12
BRDA:11,5,1,0
BRF:12
BRH:9
end_of_record
TN:
SF:C:\Users\desse\Documents\github\projects\vue-formulate-extended\src\libs\event-bus.js
FN:2,(anonymous_0)
FN:6,(anonymous_1)
FN:14,(anonymous_2)
FN:22,(anonymous_3)
FN:26,(anonymous_4)
FNF:5
FNH:4
FNDA:2,(anonymous_0)
FNDA:2,(anonymous_1)
FNDA:0,(anonymous_2)
FNDA:2,(anonymous_3)
FNDA:2,(anonymous_4)
DA:3,2
DA:7,2
DA:8,2
DA:9,2
DA:10,2
DA:15,0
DA:16,0
DA:17,0
DA:18,0
DA:23,2
DA:26,2
LF:11
LH:7
BRDA:8,0,0,2
BRDA:8,0,1,0
BRDA:9,1,0,2
BRDA:9,1,1,0
BRDA:17,2,0,0
BRDA:17,2,1,0
BRDA:17,3,0,0
BRDA:17,3,1,0
BRF:8
BRH:2
end_of_record
TN:
SF:C:\Users\desse\Documents\github\projects\vue-formulate-extended\src\libs\hooks.js
FN:2,(anonymous_0)
FN:3,(anonymous_1)
FN:9,(anonymous_2)
FN:19,(anonymous_3)
FN:26,(anonymous_4)
FN:31,(anonymous_5)
FN:38,(anonymous_6)
FN:42,(anonymous_7)
FN:43,(anonymous_8)
FN:46,(anonymous_9)
FN:50,(anonymous_10)
FN:54,(anonymous_11)
FN:58,(anonymous_12)
FN:62,(anonymous_13)
FN:65,(anonymous_14)
FNF:15
FNH:15
FNDA:149,(anonymous_0)
FNDA:25,(anonymous_1)
FNDA:60,(anonymous_2)
FNDA:57,(anonymous_3)
FNDA:209,(anonymous_4)
FNDA:36,(anonymous_5)
FNDA:65,(anonymous_6)
FNDA:32,(anonymous_7)
FNDA:8,(anonymous_8)
FNDA:60,(anonymous_9)
FNDA:93,(anonymous_10)
FNDA:93,(anonymous_11)
FNDA:44,(anonymous_12)
FNDA:12,(anonymous_13)
FNDA:16,(anonymous_14)
DA:3,149
DA:4,149
DA:10,60
DA:11,60
DA:12,0
DA:13,0
DA:16,60
DA:20,57
DA:21,32
DA:23,57
DA:27,209
DA:28,209
DA:32,36
DA:33,36
DA:39,65
DA:43,32
DA:47,60
DA:51,93
DA:55,93
DA:56,57
DA:58,44
DA:63,12
DA:64,12
DA:66,16
LF:24
LH:22
BRDA:2,0,0,149
BRDA:9,1,0,0
BRDA:10,2,0,60
BRDA:10,2,1,0
BRDA:12,3,0,0
BRDA:12,3,1,0
BRDA:20,4,0,32
BRDA:20,4,1,25
BRDA:20,5,0,57
BRDA:20,5,1,32
BRDA:26,6,0,0
BRDA:39,7,0,65
BRDA:39,7,1,40
BRDA:39,7,2,40
BRDA:55,8,0,57
BRDA:55,8,1,36
BRF:16
BRH:11
end_of_record
